2025/10/14 22:51:59 [error] [php] Undefined array key "M" (D:\Server\htdocs4\public\wp-content\plugins\v-wp-seo-audit\templates\report.php:155)
Stack trace:
#0 D:\Server\htdocs4\public\wp-content\plugins\v-wp-seo-audit\includes\class-v-wpsa-report-generator.php(230): include()
#1 D:\Server\htdocs4\public\wp-content\plugins\v-wp-seo-audit\includes\class-v-wpsa-report-generator.php(46): render_template()
#2 D:\Server\htdocs4\public\wp-content\plugins\v-wp-seo-audit\includes\class-v-wpsa-ajax-handlers.php(136): generate_html_report()
#3 D:\Server\htdocs4\public\wp-includes\class-wp-hook.php(324): generate_report()
#4 D:\Server\htdocs4\public\wp-includes\class-wp-hook.php(348): WP_Hook->apply_filters()
#5 D:\Server\htdocs4\public\wp-includes\plugin.php(517): WP_Hook->do_action()
#6 D:\Server\htdocs4\public\wp-admin\admin-ajax.php(192): do_action()
REQUEST_URI=/wp-admin/admin-ajax.php
2025/10/14 22:52:08 [error] [php] Undefined array key "M" (D:\Server\htdocs4\public\wp-content\plugins\v-wp-seo-audit\templates\report.php:155)
Stack trace:
#0 D:\Server\htdocs4\public\wp-content\plugins\v-wp-seo-audit\includes\class-v-wpsa-report-generator.php(230): include()
#1 D:\Server\htdocs4\public\wp-content\plugins\v-wp-seo-audit\includes\class-v-wpsa-report-generator.php(46): render_template()
#2 D:\Server\htdocs4\public\wp-content\plugins\v-wp-seo-audit\includes\class-v-wpsa-ajax-handlers.php(136): generate_html_report()
#3 D:\Server\htdocs4\public\wp-includes\class-wp-hook.php(324): generate_report()
#4 D:\Server\htdocs4\public\wp-includes\class-wp-hook.php(348): WP_Hook->apply_filters()
#5 D:\Server\htdocs4\public\wp-includes\plugin.php(517): WP_Hook->do_action()
#6 D:\Server\htdocs4\public\wp-admin\admin-ajax.php(192): do_action()
REQUEST_URI=/wp-admin/admin-ajax.php
2025/10/14 22:52:34 [error] [php] Undefined array key "M" (D:\Server\htdocs4\public\wp-content\plugins\v-wp-seo-audit\templates\report.php:155)
Stack trace:
#0 D:\Server\htdocs4\public\wp-content\plugins\v-wp-seo-audit\includes\class-v-wpsa-report-generator.php(230): include()
#1 D:\Server\htdocs4\public\wp-content\plugins\v-wp-seo-audit\includes\class-v-wpsa-report-generator.php(46): render_template()
#2 D:\Server\htdocs4\public\wp-content\plugins\v-wp-seo-audit\includes\class-v-wpsa-ajax-handlers.php(136): generate_html_report()
#3 D:\Server\htdocs4\public\wp-includes\class-wp-hook.php(324): generate_report()
#4 D:\Server\htdocs4\public\wp-includes\class-wp-hook.php(348): WP_Hook->apply_filters()
#5 D:\Server\htdocs4\public\wp-includes\plugin.php(517): WP_Hook->do_action()
#6 D:\Server\htdocs4\public\wp-admin\admin-ajax.php(192): do_action()
REQUEST_URI=/wp-admin/admin-ajax.php
2025/10/14 22:52:58 [error] [php] Undefined array key "M" (D:\Server\htdocs4\public\wp-content\plugins\v-wp-seo-audit\templates\report.php:155)
Stack trace:
#0 D:\Server\htdocs4\public\wp-content\plugins\v-wp-seo-audit\includes\class-v-wpsa-report-generator.php(238): include()
#1 D:\Server\htdocs4\public\wp-content\plugins\v-wp-seo-audit\includes\class-v-wpsa-report-generator.php(46): render_template()
#2 D:\Server\htdocs4\public\wp-content\plugins\v-wp-seo-audit\includes\class-v-wpsa-ajax-handlers.php(136): generate_html_report()
#3 D:\Server\htdocs4\public\wp-includes\class-wp-hook.php(324): generate_report()
#4 D:\Server\htdocs4\public\wp-includes\class-wp-hook.php(348): WP_Hook->apply_filters()
#5 D:\Server\htdocs4\public\wp-includes\plugin.php(517): WP_Hook->do_action()
#6 D:\Server\htdocs4\public\wp-admin\admin-ajax.php(192): do_action()
REQUEST_URI=/wp-admin/admin-ajax.php
2025/10/14 22:55:31 [error] [php] Undefined array key "M" (D:\Server\htdocs4\public\wp-content\plugins\v-wp-seo-audit\templates\report.php:155)
Stack trace:
#0 D:\Server\htdocs4\public\wp-content\plugins\v-wp-seo-audit\includes\class-v-wpsa-report-generator.php(251): include()
#1 D:\Server\htdocs4\public\wp-content\plugins\v-wp-seo-audit\includes\class-v-wpsa-report-generator.php(46): render_template()
#2 D:\Server\htdocs4\public\wp-content\plugins\v-wp-seo-audit\includes\class-v-wpsa-ajax-handlers.php(136): generate_html_report()
#3 D:\Server\htdocs4\public\wp-includes\class-wp-hook.php(324): generate_report()
#4 D:\Server\htdocs4\public\wp-includes\class-wp-hook.php(348): WP_Hook->apply_filters()
#5 D:\Server\htdocs4\public\wp-includes\plugin.php(517): WP_Hook->do_action()
#6 D:\Server\htdocs4\public\wp-admin\admin-ajax.php(192): do_action()
REQUEST_URI=/wp-admin/admin-ajax.php
